<?xml version="1.0" encoding="UTF-8"?>
<!-- Generated by org.testng.reporters.JUnitXMLReporter -->
<testsuite hostname="DESKTOP-GHPND5U" ignored="1" name="Test" tests="3" failures="3" timestamp="27 Nov 2019 00:10:58 GMT" time="13.03" errors="0">
  <testcase name="loginNegativniTestovi" time="0.918" classname="testCases.test1">
    <failure type="java.lang.AssertionError" message="expected [Email nije validnog formata!] but found [Lozinka nije validnog formata (Mora biti bar jedno veliko slovo, veliko malo slovo i broj i minimalne duzine 6)!]">
      <![CDATA[java.lang.AssertionError: expected [Email nije validnog formata!] but found [Lozinka nije validnog formata (Mora biti bar jedno veliko slovo, veliko malo slovo i broj i minimalne duzine 6)!]
at testCases.test1.loginNegativniTestovi(test1.java:37)
... Removed 31 stack frames]]>
    </failure>
  </testcase> <!-- loginNegativniTestovi -->
  <testcase name="loginNegativniTestovi" time="0.016" classname="testCases.test1">
    <failure type="org.openqa.selenium.NoSuchSessionException" message="Session ID is null. Using WebDriver after calling quit()?
Build info: version: &amp;apos;3.141.59&amp;apos;, revision: &amp;apos;e82be7d358&amp;apos;, time: &amp;apos;2018-11-14T08:17:03&amp;apos;
System info: host: &amp;apos;DESKTOP-GHPND5U&amp;apos;, ip: &amp;apos;192.168.56.1&amp;apos;, os.name: &amp;apos;Windows 10&amp;apos;, os.arch: &amp;apos;amd64&amp;apos;, os.version: &amp;apos;10.0&amp;apos;, java.version: &amp;apos;1.8.0_181&amp;apos;
Driver info: driver.version: RemoteWebDriver">
      <![CDATA[org.openqa.selenium.NoSuchSessionException: Session ID is null. Using WebDriver after calling quit()?
Build info: version: '3.141.59', revision: 'e82be7d358', time: '2018-11-14T08:17:03'
System info: host: 'DESKTOP-GHPND5U', ip: '192.168.56.1', os.name: 'Windows 10', os.arch: 'amd64', os.version: '10.0', java.version: '1.8.0_181'
Driver info: driver.version: RemoteWebDriver
at org.openqa.selenium.remote.HttpCommandExecutor.execute(HttpCommandExecutor.java:125)
at org.openqa.selenium.remote.service.DriverCommandExecutor.execute(DriverCommandExecutor.java:83)
at org.openqa.selenium.remote.RemoteWebDriver.execute(RemoteWebDriver.java:552)
at org.openqa.selenium.remote.RemoteWebElement.execute(RemoteWebElement.java:285)
at org.openqa.selenium.remote.RemoteWebElement.isDisplayed(RemoteWebElement.java:326)
at org.openqa.selenium.support.pagefactory.internal.LocatingElementHandler.invoke(LocatingElementHandler.java:51)
at com.sun.proxy.$Proxy11.isDisplayed(Unknown Source)
at org.openqa.selenium.support.ui.ExpectedConditions.elementIfVisible(ExpectedConditions.java:314)
at org.openqa.selenium.support.ui.ExpectedConditions.access$000(ExpectedConditions.java:43)
at org.openqa.selenium.support.ui.ExpectedConditions$10.apply(ExpectedConditions.java:300)
at org.openqa.selenium.support.ui.ExpectedConditions$10.apply(ExpectedConditions.java:297)
at org.openqa.selenium.support.ui.FluentWait.until(FluentWait.java:249)
at pageObjects.LoginPageObj.Email(LoginPageObj.java:29)
at pageObjects.LoginPageObj.logIn(LoginPageObj.java:62)
at testCases.test1.loginNegativniTestovi(test1.java:36)
... Removed 29 stack frames]]>
    </failure>
  </testcase> <!-- loginNegativniTestovi -->
  <testcase name="loginNegativniTestovi" time="2.781" classname="testCases.test1">
    <failure type="java.lang.NullPointerException">
      <![CDATA[java.lang.NullPointerException
at setup.BaseClass.getScreenShot(BaseClass.java:41)
at setup.ScreenshotListeners.onTestFailure(ScreenshotListeners.java:22)
... Removed 22 stack frames]]>
    </failure>
  </testcase> <!-- loginNegativniTestovi -->
  <testcase name="loginPositivniTest" time="0.0" classname="testCases.test1">
    <ignored/>
  </testcase> <!-- loginPositivniTest -->
</testsuite> <!-- Test -->
